
Book モデルに関するテスト
  実際に保存してみる
[32m    有効な投稿内容の場合は保存されるか[0m
  空白のバリデーションチェック
[32m    titleが空白の場合にバリデーションチェックされ空白のエラーメッセージが返ってきているか[0m
[32m    bodyが空白の場合にバリデーションチェックされ空白のエラーメッセージが返ってきているか[0m
  titleを空白で投稿した場合に画面にエラーメッセージが表示されているか
[31m    エラーメッセージは正しく表示されるか (FAILED - 1)[0m
  bodyを空白で投稿した場合に画面にエラーメッセージが表示されているか
[31m    エラーメッセージは正しく表示されるか (FAILED - 2)[0m

投稿のテスト
  トップ画面(root_path)のテスト
    表示の確認
[31m      トップ画面(root_path)に一覧ページへのリンクが表示されているか (FAILED - 3)[0m
[32m      root_pathが"/"であるか[0m
  一覧画面のテスト
    一覧の表示とリンクの確認
[32m      bookの一覧表示(tableタグ)と投稿フォームが同一画面に表示されているか[0m
[32m      bookのタイトルと感想を表示し、詳細・編集・削除のリンクが表示されているか[0m
[32m      Create Bookボタンが表示される[0m
    投稿処理に関するテスト
[31m      投稿に成功しサクセスメッセージが表示されるか (FAILED - 4)[0m
[31m      投稿に失敗する (FAILED - 5)[0m
[31m      投稿後のリダイレクト先は正しいか (FAILED - 6)[0m
    book削除のテスト
[32m      application.html.erbにjavascript_pack_tagを含んでいるか[0m
[32m      bookの削除[0m
  詳細画面のテスト
    表示の確認
[32m      本のタイトルと感想が画面に表示されていること[0m
[32m      Editリンクが表示される[0m
[32m      Backリンクが表示される[0m
    リンクの遷移先の確認
[32m      Editの遷移先は編集画面か[0m
[32m      Backの遷移先は一覧画面か[0m
  編集画面のテスト
    表示の確認
[32m      編集前のタイトルと感想がフォームに表示(セット)されている[0m
[32m      Update Bookボタンが表示される[0m
[32m      Showリンクが表示される[0m
[32m      Backリンクが表示される[0m
    リンクの遷移先の確認
[32m      Showの遷移先は詳細画面か[0m
[32m      Backの遷移先は一覧画面か[0m
    更新処理に関するテスト
[31m      更新に成功しサクセスメッセージが表示されるか (FAILED - 7)[0m
[31m      更新に失敗しエラーメッセージが表示されるか (FAILED - 8)[0m
[31m      更新後のリダイレクト先は正しいか (FAILED - 9)[0m

Failures:

  1) Book モデルに関するテスト titleを空白で投稿した場合に画面にエラーメッセージが表示されているか エラーメッセージは正しく表示されるか
     [31mFailure/Error: expect(page).to have_content "can't be blank"[0m
     [31m  expected to find text "can't be blank" in "Books\nTitle Body\nNew book\nTitle\nBody"[0m
     [36m# ./spec/models/book_spec.rb:30:in `block (3 levels) in <top (required)>'[0m

  2) Book モデルに関するテスト bodyを空白で投稿した場合に画面にエラーメッセージが表示されているか エラーメッセージは正しく表示されるか
     [31mFailure/Error: expect(page).to have_content "can't be blank"[0m
     [31m  expected to find text "can't be blank" in "Books\nTitle Body\nNew book\nTitle\nBody"[0m
     [36m# ./spec/models/book_spec.rb:40:in `block (3 levels) in <top (required)>'[0m

  3) 投稿のテスト トップ画面(root_path)のテスト 表示の確認 トップ画面(root_path)に一覧ページへのリンクが表示されているか
     [31mFailure/Error: expect(page).to have_link "", href: books_path[0m
     [31m  expected to find link "" with href "/books" but there were no matches[0m
     [36m# ./spec/system/books_spec.rb:11:in `block (4 levels) in <main>'[0m

  4) 投稿のテスト 一覧画面のテスト 投稿処理に関するテスト 投稿に成功しサクセスメッセージが表示されるか
     [31mFailure/Error: expect(page).to have_content 'successfully'[0m
     [31m  expected to find text "successfully" in "Books\nTitle Body hoge body Show Edit Destroy\nNew book\nTitle\nBody"[0m
     [36m# ./spec/system/books_spec.rb:60:in `block (4 levels) in <main>'[0m

  5) 投稿のテスト 一覧画面のテスト 投稿処理に関するテスト 投稿に失敗する
     [31mFailure/Error: expect(page).to have_content 'error'[0m
     [31m  expected to find text "error" in "Books\nTitle Body hoge body Show Edit Destroy\nNew book\nTitle\nBody"[0m
     [36m# ./spec/system/books_spec.rb:64:in `block (4 levels) in <main>'[0m

  6) 投稿のテスト 一覧画面のテスト 投稿処理に関するテスト 投稿後のリダイレクト先は正しいか
     [31mFailure/Error: expect(page).to have_current_path book_path(Book.last)[0m
     [31m  expected "/books?book[title]=9np74&book[body]=0mzk4hgjux5zda9tis66&commit=Create+Book" to equal "/books/1"[0m
     [36m# ./spec/system/books_spec.rb:71:in `block (4 levels) in <main>'[0m

  7) 投稿のテスト 編集画面のテスト 更新処理に関するテスト 更新に成功しサクセスメッセージが表示されるか
     [31mFailure/Error: expect(page).to have_content 'successfully'[0m
     [31m  expected to find text "successfully" in "Editing Book\nTitle\nBody body\nShow | Back"[0m
     [36m# ./spec/system/books_spec.rb:164:in `block (4 levels) in <main>'[0m

  8) 投稿のテスト 編集画面のテスト 更新処理に関するテスト 更新に失敗しエラーメッセージが表示されるか
     [31mFailure/Error: expect(page).to have_content 'error'[0m
     [31m  expected to find text "error" in "Editing Book\nTitle\nBody body\nShow | Back"[0m
     [36m# ./spec/system/books_spec.rb:170:in `block (4 levels) in <main>'[0m

  9) 投稿のテスト 編集画面のテスト 更新処理に関するテスト 更新後のリダイレクト先は正しいか
     [31mFailure/Error: expect(page).to have_current_path book_path(book)[0m
     [31m  expected "/books/1/edit?book[title]=djpxk&book[body]=40wxphtogzqowcskfj0l&commit=Update+Book" to equal "/books/1"[0m
     [36m# ./spec/system/books_spec.rb:176:in `block (4 levels) in <main>'[0m

Finished in 0.92604 seconds (files took 0.87486 seconds to load)
[31m29 examples, 9 failures[0m

Failed examples:

[31mrspec ./spec/models/book_spec.rb:28[0m [36m# Book モデルに関するテスト titleを空白で投稿した場合に画面にエラーメッセージが表示されているか エラーメッセージは正しく表示されるか[0m
[31mrspec ./spec/models/book_spec.rb:38[0m [36m# Book モデルに関するテスト bodyを空白で投稿した場合に画面にエラーメッセージが表示されているか エラーメッセージは正しく表示されるか[0m
[31mrspec ./spec/system/books_spec.rb:10[0m [36m# 投稿のテスト トップ画面(root_path)のテスト 表示の確認 トップ画面(root_path)に一覧ページへのリンクが表示されているか[0m
[31mrspec ./spec/system/books_spec.rb:56[0m [36m# 投稿のテスト 一覧画面のテスト 投稿処理に関するテスト 投稿に成功しサクセスメッセージが表示されるか[0m
[31mrspec ./spec/system/books_spec.rb:62[0m [36m# 投稿のテスト 一覧画面のテスト 投稿処理に関するテスト 投稿に失敗する[0m
[31mrspec ./spec/system/books_spec.rb:67[0m [36m# 投稿のテスト 一覧画面のテスト 投稿処理に関するテスト 投稿後のリダイレクト先は正しいか[0m
[31mrspec ./spec/system/books_spec.rb:160[0m [36m# 投稿のテスト 編集画面のテスト 更新処理に関するテスト 更新に成功しサクセスメッセージが表示されるか[0m
[31mrspec ./spec/system/books_spec.rb:166[0m [36m# 投稿のテスト 編集画面のテスト 更新処理に関するテスト 更新に失敗しエラーメッセージが表示されるか[0m
[31mrspec ./spec/system/books_spec.rb:172[0m [36m# 投稿のテスト 編集画面のテスト 更新処理に関するテスト 更新後のリダイレクト先は正しいか[0m

